app/build/outputs/logs/manifest-merger-live-release-report.txt
-- Merging decision tree log ---
manifest
ADDED from AndroidManifest.xml:2:1
	package
		ADDED from AndroidManifest.xml:5:11
		INJECTED from AndroidManifest.xml:0:0
		INJECTED from AndroidManifest.xml:0:0
	android:versionName
		ADDED from AndroidManifest.xml:4:11
		INJECTED from AndroidManifest.xml:0:0
		INJECTED from AndroidManifest.xml:0:0
	android:versionCode
		ADDED from AndroidManifest.xml:3:11
		INJECTED from AndroidManifest.xml:0:0
		INJECTED from AndroidManifest.xml:0:0
	xmlns:android
		ADDED from AndroidManifest.xml:2:11
uses-sdk
ADDED from AndroidManifest.xml:7:5
	android:targetSdkVersion
		ADDED from AndroidManifest.xml:9:13
		INJECTED from AndroidManifest.xml:0:0
		INJECTED from AndroidManifest.xml:0:0
	android:minSdkVersion
		ADDED from AndroidManifest.xml:8:13
		INJECTED from AndroidManifest.xml:0:0
		INJECTED from AndroidManifest.xml:0:0
uses-permission#android.permission.BLUETOOTH
ADDED from AndroidManifest.xml:11:5
	android:name
		ADDED from AndroidManifest.xml:11:22
uses-permission#android.permission.BLUETOOTH_ADMIN
ADDED from AndroidManifest.xml:12:5
	android:name
		ADDED from AndroidManifest.xml:12:22
uses-permission#android.permission.RECEIVE_BOOT_COMPLETED
ADDED from AndroidManifest.xml:13:5
	android:name
		ADDED from AndroidManifest.xml:13:22
uses-feature#android.hardware.bluetooth_le
ADDED from AndroidManifest.xml:16:5
	android:required
		ADDED from AndroidManifest.xml:16:64
	android:name
		ADDED from AndroidManifest.xml:16:19
compatible-screens
ADDED from AndroidManifest.xml:19:5
screen#small+ldpi
ADDED from AndroidManifest.xml:21:9
	android:screenDensity
		ADDED from AndroidManifest.xml:21:44
	android:screenSize
		ADDED from AndroidManifest.xml:21:17
screen#small+mdpi
ADDED from AndroidManifest.xml:22:9
	android:screenDensity
		ADDED from AndroidManifest.xml:22:44
	android:screenSize
		ADDED from AndroidManifest.xml:22:17
screen#small+hdpi
ADDED from AndroidManifest.xml:23:9
	android:screenDensity
		ADDED from AndroidManifest.xml:23:44
	android:screenSize
		ADDED from AndroidManifest.xml:23:17
screen#small+xhdpi
ADDED from AndroidManifest.xml:24:9
	android:screenDensity
		ADDED from AndroidManifest.xml:24:44
	android:screenSize
		ADDED from AndroidManifest.xml:24:17
screen#normal+ldpi
ADDED from AndroidManifest.xml:26:9
	android:screenDensity
		ADDED from AndroidManifest.xml:26:45
	android:screenSize
		ADDED from AndroidManifest.xml:26:17
screen#normal+mdpi
ADDED from AndroidManifest.xml:27:9
	android:screenDensity
		ADDED from AndroidManifest.xml:27:45
	android:screenSize
		ADDED from AndroidManifest.xml:27:17
screen#normal+hdpi
ADDED from AndroidManifest.xml:28:9
	android:screenDensity
		ADDED from AndroidManifest.xml:28:45
	android:screenSize
		ADDED from AndroidManifest.xml:28:17
screen#normal+xhdpi
ADDED from AndroidManifest.xml:29:9
	android:screenDensity
		ADDED from AndroidManifest.xml:29:45
	android:screenSize
		ADDED from AndroidManifest.xml:29:17
application
ADDED from AndroidManifest.xml:32:5
	android:label
		ADDED from AndroidManifest.xml:36:13
	android:debuggable
		ADDED from AndroidManifest.xml:35:13
	android:icon
		ADDED from AndroidManifest.xml:34:13
	android:name
		ADDED from AndroidManifest.xml:33:13
activity#com.ndipatri.roboButton.activities.MainControllerActivity
ADDED from AndroidManifest.xml:38:9
	android:screenOrientation
		ADDED from AndroidManifest.xml:40:17
	android:name
		ADDED from AndroidManifest.xml:39:17
intent-filter#android.intent.action.MAIN+android.intent.category.LAUNCHER
ADDED from AndroidManifest.xml:41:13
action#android.intent.action.MAIN
ADDED from AndroidManifest.xml:42:17
	android:name
		ADDED from AndroidManifest.xml:42:25
category#android.intent.category.LAUNCHER
ADDED from AndroidManifest.xml:43:17
	android:name
		ADDED from AndroidManifest.xml:43:27
activity#com.ndipatri.roboButton.activities.ViewNearbyBeaconsActivity
ADDED from AndroidManifest.xml:47:9
	android:screenOrientation
		ADDED from AndroidManifest.xml:50:13
	android:label
		ADDED from AndroidManifest.xml:49:13
	android:name
		ADDED from AndroidManifest.xml:48:13
service#com.ndipatri.roboButton.services.MonitoringService
ADDED from AndroidManifest.xml:52:9
	android:exported
		ADDED from AndroidManifest.xml:52:61
	android:name
		ADDED from AndroidManifest.xml:52:18
service#com.estimote.sdk.service.BeaconService
ADDED from AndroidManifest.xml:53:9
	android:exported
		ADDED from AndroidManifest.xml:53:72
	android:name
		ADDED from AndroidManifest.xml:53:18
receiver#com.ndipatri.roboButton.receivers.BootReceiver
ADDED from AndroidManifest.xml:55:9
	android:name
		ADDED from AndroidManifest.xml:55:19
intent-filter#android.intent.action.BOOT_COMPLETED
ADDED from AndroidManifest.xml:56:13
action#android.intent.action.BOOT_COMPLETED
ADDED from AndroidManifest.xml:57:17
	android:name
		ADDED from AndroidManifest.xml:57:25